2016-12-15 21:06:49,127 [main] JP.co.esm.caddies.jomt.Jude <INFO> - #### === Professional 7.1.0 / f2c212 ==============================
2016-12-15 21:06:49,140 [main] JP.co.esm.caddies.jomt.Jude <INFO> - start program args []
2016-12-15 21:06:49,147 [main] JP.co.esm.caddies.jomt.Jude <INFO> - start vm args [-Xms16m, -Xmx512m, -Dsun.java2d.d3d=false]
2016-12-15 21:06:49,152 [main] JP.co.esm.caddies.jomt.jsystem.k <INFO> - jude property file not found. It is created at the time of the end of application.
2016-12-15 21:06:57,009 [AWT-EventQueue-0] JP.co.esm.caddies.jomt.jview.swing.f <INFO> - maybe initial value of system property.
2016-12-15 21:07:30,478 [main] JP.co.esm.caddies.jomt.Jude <INFO> - #### === Professional 7.1.0 / f2c212 ==============================
2016-12-15 21:07:30,488 [main] JP.co.esm.caddies.jomt.Jude <INFO> - start program args []
2016-12-15 21:07:30,495 [main] JP.co.esm.caddies.jomt.Jude <INFO> - start vm args [-Xms16m, -Xmx512m, -Dsun.java2d.d3d=false]
2016-12-15 21:07:30,501 [main] JP.co.esm.caddies.jomt.jsystem.k <INFO> - jude property file not found. It is created at the time of the end of application.
2016-12-15 21:07:34,816 [AWT-EventQueue-0] JP.co.esm.caddies.jomt.jview.swing.f <INFO> - maybe initial value of system property.
2016-12-15 21:08:39,227 [main] JP.co.esm.caddies.jomt.Jude <INFO> - #### === Professional 7.1.0 / f2c212 ==============================
2016-12-15 21:08:39,235 [main] JP.co.esm.caddies.jomt.Jude <INFO> - start program args []
2016-12-15 21:08:39,239 [main] JP.co.esm.caddies.jomt.Jude <INFO> - start vm args [-Xms16m, -Xmx512m, -Dsun.java2d.d3d=false]
2016-12-15 21:08:39,242 [main] JP.co.esm.caddies.jomt.jsystem.k <INFO> - jude property file not found. It is created at the time of the end of application.
2016-12-15 21:08:44,015 [AWT-EventQueue-0] JP.co.esm.caddies.jomt.jview.swing.f <INFO> - maybe initial value of system property.
2016-12-15 21:15:22,277 [main] JP.co.esm.caddies.jomt.Jude <INFO> - #### === Professional 7.1.0 / f2c212 ==============================
2016-12-15 21:15:22,308 [main] JP.co.esm.caddies.jomt.Jude <INFO> - start program args []
2016-12-15 21:15:22,339 [main] JP.co.esm.caddies.jomt.Jude <INFO> - start vm args [-Xms16m, -Xmx512m, -Dsun.java2d.d3d=false]
2016-12-15 21:15:22,355 [main] JP.co.esm.caddies.jomt.jsystem.k <INFO> - jude property file not found. It is created at the time of the end of application.
2016-12-15 21:15:33,959 [AWT-EventQueue-0] JP.co.esm.caddies.jomt.jview.swing.f <INFO> - maybe initial value of system property.
2016-12-15 21:20:38,831 [main] JP.co.esm.caddies.jomt.Jude <INFO> - #### === Professional 7.1.0 / f2c212 ==============================
2016-12-15 21:20:38,840 [main] JP.co.esm.caddies.jomt.Jude <INFO> - start program args []
2016-12-15 21:20:38,848 [main] JP.co.esm.caddies.jomt.Jude <INFO> - start vm args [-Xms16m, -Xmx512m, -Dsun.java2d.d3d=false]
2016-12-15 21:20:38,854 [main] JP.co.esm.caddies.jomt.jsystem.k <INFO> - jude property file not found. It is created at the time of the end of application.
2016-12-15 21:20:43,496 [AWT-EventQueue-0] JP.co.esm.caddies.jomt.jview.swing.f <INFO> - maybe initial value of system property.
